  stdafx.cpp
  ConfigurationFile_dll.cpp
f:\study\myproject\配置文件\configurationfile_dll\configurationfile_dll\ConfigurationFile_dll.h(48): warning C4251: “ConfigurationFile::filepath”: class“std::basic_string<char,std::char_traits<char>,std::allocator<char>>”需要有 dll 接口由 class“ConfigurationFile”的客户端使用
  C:\Program Files (x86)\Microsoft Visual Studio 14.0\VC\include\xstring(2633): note: 参见“std::basic_string<char,std::char_traits<char>,std::allocator<char>>”的声明
f:\study\myproject\配置文件\configurationfile_dll\configurationfile_dll\ConfigurationFile_dll.h(49): warning C4251: “ConfigurationFile::dictionary”: class“std::map<std::string,std::map<std::string,std::string,std::less<_Kty>,std::allocator<std::pair<const _Kty,_Ty>>>,std::less<_Ty>,std::allocator<std::pair<const _Kty,std::map<_Kty,_Ty,std::less<_Ty>,std::allocator<std::pair<const _Kty,_Ty>>>>>>”需要有 dll 接口由 class“ConfigurationFile”的客户端使用
          with
          [
              _Kty=std::string,
              _Ty=std::string
          ]
  f:\study\myproject\配置文件\configurationfile_dll\configurationfile_dll\ConfigurationFile_dll.h(49): note: 参见“std::map<std::string,std::map<std::string,std::string,std::less<_Kty>,std::allocator<std::pair<const _Kty,_Ty>>>,std::less<_Ty>,std::allocator<std::pair<const _Kty,std::map<_Kty,_Ty,std::less<_Ty>,std::allocator<std::pair<const _Kty,_Ty>>>>>>”的声明
          with
          [
              _Kty=std::string,
              _Ty=std::string
          ]
ConfigurationFile_dll.cpp(100): warning C4800: “unsigned int”: 将值强制为布尔值“true”或“false”(性能警告)
  dllmain.cpp
    正在创建库 F:\study\MyProject\配置文件\ConfigurationFile_dll\Release\ConfigurationFile_dll.lib 和对象 F:\study\MyProject\配置文件\ConfigurationFile_dll\Release\ConfigurationFile_dll.exp
  正在生成代码
  All 650 functions were compiled because no usable IPDB/IOBJ from previous compilation was found.
  已完成代码的生成
  ConfigurationFile_dll.vcxproj -> F:\study\MyProject\配置文件\ConfigurationFile_dll\Release\ConfigurationFile_dll.dll
  ConfigurationFile_dll.vcxproj -> F:\study\MyProject\配置文件\ConfigurationFile_dll\Release\ConfigurationFile_dll.pdb (Full PDB)
